This file contains any messages produced by compilers while
running configure, to aid debugging if configure makes a mistake.

It was created by libusb configure 1.0.9, which was
generated by GNU Autoconf 2.68.  Invocation command line was

  $ ./configure 

## --------- ##
## Platform. ##
## --------- ##

hostname = chenwei-ascs
uname -m = x86_64
uname -r = 5.3.0-24-generic
uname -s = Linux
uname -v = #26-Ubuntu SMP Thu Nov 14 01:33:18 UTC 2019

/usr/bin/uname -p = x86_64
/bin/uname -X     = unknown

/bin/arch              = x86_64
/usr/bin/arch -k       = unknown
/usr/convex/getsysinfo = unknown
/usr/bin/hostinfo      = unknown
/bin/machine           = unknown
/usr/bin/oslevel       = unknown
/bin/universe          = unknown

PATH: /home/chenwei/.local/bin
PATH: /home/chenwei/anaconda3/bin
PATH: /home/chenwei/anaconda3/condabin
PATH: /usr/local/sbin
PATH: /usr/local/bin
PATH: /usr/sbin
PATH: /usr/bin
PATH: /sbin
PATH: /bin
PATH: /usr/games
PATH: /usr/local/games
PATH: /snap/bin


## ----------- ##
## Core tests. ##
## ----------- ##

configure:2366: checking for a BSD-compatible install
configure:2434: result: /usr/bin/install -c
configure:2445: checking whether build environment is sane
configure:2495: result: yes
configure:2636: checking for a thread-safe mkdir -p
configure:2675: result: /usr/bin/mkdir -p
configure:2688: checking for gawk
configure:2718: result: no
configure:2688: checking for mawk
configure:2704: found /usr/bin/mawk
configure:2715: result: mawk
configure:2726: checking whether make sets $(MAKE)
configure:2748: result: yes
configure:2829: checking whether to enable maintainer-specific portions of Makefiles
configure:2838: result: no
configure:2918: checking for gcc
configure:2934: found /usr/bin/gcc
configure:2945: result: gcc
configure:3174: checking for C compiler version
configure:3183: gcc --version >&5
gcc (Ubuntu 9.2.1-9ubuntu2) 9.2.1 20191008
Copyright (C) 2019 Free Software Foundation, Inc.
This is free software; see the source for copying conditions.  There is NO
warranty; not even for MERCHANTABILITY or FITNESS FOR A PARTICULAR PURPOSE.

configure:3194: $? = 0
configure:3183: gcc -v >&5
Using built-in specs.
COLLECT_GCC=gcc
COLLECT_LTO_WRAPPER=/usr/lib/gcc/x86_64-linux-gnu/9/lto-wrapper
OFFLOAD_TARGET_NAMES=nvptx-none:hsa
OFFLOAD_TARGET_DEFAULT=1
Target: x86_64-linux-gnu
Configured with: ../src/configure -v --with-pkgversion='Ubuntu 9.2.1-9ubuntu2' --with-bugurl=file:///usr/share/doc/gcc-9/README.Bugs --enable-languages=c,ada,c++,go,brig,d,fortran,objc,obj-c++,gm2 --prefix=/usr --with-gcc-major-version-only --program-suffix=-9 --program-prefix=x86_64-linux-gnu- --enable-shared --enable-linker-build-id --libexecdir=/usr/lib --without-included-gettext --enable-threads=posix --libdir=/usr/lib --enable-nls --enable-bootstrap --enable-clocale=gnu --enable-libstdcxx-debug --enable-libstdcxx-time=yes --with-default-libstdcxx-abi=new --enable-gnu-unique-object --disable-vtable-verify --enable-plugin --enable-default-pie --with-system-zlib --with-target-system-zlib=auto --enable-multiarch --disable-werror --with-arch-32=i686 --with-abi=m64 --with-multilib-list=m32,m64,mx32 --enable-multilib --with-tune=generic --enable-offload-targets=nvptx-none,hsa --without-cuda-driver --enable-checking=release --build=x86_64-linux-gnu --host=x86_64-linux-gnu --target=x86_64-linux-gnu
Thread model: posix
gcc version 9.2.1 20191008 (Ubuntu 9.2.1-9ubuntu2) 
configure:3194: $? = 0
configure:3183: gcc -V >&5
gcc: error: unrecognized command line option '-V'
gcc: fatal error: no input files
compilation terminated.
configure:3194: $? = 1
configure:3183: gcc -qversion >&5
gcc: error: unrecognized command line option '-qversion'; did you mean '--version'?
gcc: fatal error: no input files
compilation terminated.
configure:3194: $? = 1
configure:3214: checking whether the C compiler works
configure:3236: gcc    conftest.c  >&5
configure:3240: $? = 0
configure:3288: result: yes
configure:3291: checking for C compiler default output file name
configure:3293: result: a.out
configure:3299: checking for suffix of executables
configure:3306: gcc -o conftest    conftest.c  >&5
configure:3310: $? = 0
configure:3332: result: 
configure:3354: checking whether we are cross compiling
configure:3362: gcc -o conftest    conftest.c  >&5
configure:3366: $? = 0
configure:3373: ./conftest
configure:3377: $? = 0
configure:3365: result: no
configure:3370: checking for suffix of object files
configure:3392: gcc -c   conftest.c >&5
configure:3396: $? = 0
configure:3417: result: o
configure:3421: checking whether we are using the GNU C compiler
configure:3440: gcc -c   conftest.c >&5
configure:3440: $? = 0
configure:3449: result: yes
configure:3458: checking whether gcc accepts -g
configure:3478: gcc -c -g  conftest.c >&5
configure:3478: $? = 0
configure:3519: result: yes
configure:3536: checking for gcc option to accept ISO C89
configure:3600: gcc  -c -g -O2  conftest.c >&5
configure:3600: $? = 0
configure:3613: result: none needed
configure:3644: checking for style of include used by make
configure:3672: result: GNU
configure:3697: checking dependency style of gcc
configure:3807: result: gcc3
configure:3851: checking build system type
configure:3865: result: x86_64-unknown-linux-gnu
configure:3885: checking host system type
configure:3898: result: x86_64-unknown-linux-gnu
configure:3939: checking how to print strings
configure:3966: result: printf
configure:3987: checking for a sed that does not truncate output
configure:4051: result: /usr/bin/sed
configure:4069: checking for grep that handles long lines and -e
configure:4127: result: /usr/bin/grep
configure:4132: checking for egrep
configure:4194: result: /usr/bin/grep -E
configure:4199: checking for fgrep
configure:4261: result: /usr/bin/grep -F
configure:4296: checking for ld used by gcc
configure:4363: result: /usr/bin/ld
configure:4370: checking if the linker (/usr/bin/ld) is GNU ld
configure:4385: result: yes
configure:4397: checking for BSD- or MS-compatible name lister (nm)
configure:4446: result: /usr/bin/nm -B
configure:4576: checking the name lister (/usr/bin/nm -B) interface
configure:4583: gcc -c -g -O2  conftest.c >&5
configure:4586: /usr/bin/nm -B "conftest.o"
configure:4589: output
0000000000000000 B some_variable
configure:4590: result: BSD nm
configure:4593: checking whether ln -s works
configure:4597: result: yes
configure:4605: checking the maximum length of command line arguments
configure:4730: result: 1572864
configure:4747: checking whether the shell understands some XSI constructs
configure:4756: result: yes
configure:4760: checking whether the shell understands "+="
configure:4764: result: yes
configure:4799: checking for /usr/bin/ld option to reload object files
configure:4806: result: -r
configure:4875: checking for objdump
configure:4891: found /usr/bin/objdump
configure:4902: result: objdump
configure:4934: checking how to recognize dependent libraries
configure:5136: result: pass_all
configure:5196: checking for ar
configure:5212: found /usr/bin/ar
configure:5223: result: ar
configure:5301: checking for strip
configure:5317: found /usr/bin/strip
configure:5328: result: strip
configure:5400: checking for ranlib
configure:5416: found /usr/bin/ranlib
configure:5427: result: ranlib
configure:5529: checking command to parse /usr/bin/nm -B output from gcc object
configure:5647: gcc -c -g -O2  conftest.c >&5
configure:5650: $? = 0
configure:5654: /usr/bin/nm -B conftest.o \| sed -n -e 's/^.*[ ]\([ABCDGIRSTW][ABCDGIRSTW]*\)[ ][ ]*\([_A-Za-z][_A-Za-z0-9]*\)$/\1 \2 \2/p' \> conftest.nm
configure:5657: $? = 0
configure:5711: gcc -o conftest -g -O2   conftest.c conftstm.o >&5
configure:5714: $? = 0
configure:5752: result: ok
configure:5848: gcc -c -g -O2  conftest.c >&5
configure:5851: $? = 0
configure:6593: checking how to run the C preprocessor
configure:6624: gcc -E  conftest.c
configure:6624: $? = 0
configure:6638: gcc -E  conftest.c
conftest.c:11:10: fatal error: ac_nonexistent.h: No such file or directory
   11 | #include <ac_nonexistent.h>
      |          ^~~~~~~~~~~~~~~~~~
compilation terminated.
configure:6638: $? = 1
configure: failed program was:
| /* confdefs.h */
| #define PACKAGE_NAME "libusb"
| #define PACKAGE_TARNAME "libusb"
| #define PACKAGE_VERSION "1.0.9"
| #define PACKAGE_STRING "libusb 1.0.9"
| #define PACKAGE_BUGREPORT "libusb-devel@lists.sourceforge.net"
| #define PACKAGE_URL "http://www.libusb.org/"
| #define PACKAGE "libusb"
| #define VERSION "1.0.9"
| /* end confdefs.h.  */
| #include <ac_nonexistent.h>
configure:6663: result: gcc -E
configure:6683: gcc -E  conftest.c
configure:6683: $? = 0
configure:6697: gcc -E  conftest.c
conftest.c:11:10: fatal error: ac_nonexistent.h: No such file or directory
   11 | #include <ac_nonexistent.h>
      |          ^~~~~~~~~~~~~~~~~~
compilation terminated.
configure:6697: $? = 1
configure: failed program was:
| /* confdefs.h */
| #define PACKAGE_NAME "libusb"
| #define PACKAGE_TARNAME "libusb"
| #define PACKAGE_VERSION "1.0.9"
| #define PACKAGE_STRING "libusb 1.0.9"
| #define PACKAGE_BUGREPORT "libusb-devel@lists.sourceforge.net"
| #define PACKAGE_URL "http://www.libusb.org/"
| #define PACKAGE "libusb"
| #define VERSION "1.0.9"
| /* end confdefs.h.  */
| #include <ac_nonexistent.h>
configure:6726: checking for ANSI C header files
configure:6746: gcc -c -g -O2  conftest.c >&5
configure:6746: $? = 0
configure:6819: gcc -o conftest -g -O2   conftest.c  >&5
configure:6819: $? = 0
configure:6819: ./conftest
configure:6819: $? = 0
configure:6830: result: yes
configure:6843: checking for sys/types.h
configure:6843: gcc -c -g -O2  conftest.c >&5
configure:6843: $? = 0
configure:6843: result: yes
configure:6843: checking for sys/stat.h
configure:6843: gcc -c -g -O2  conftest.c >&5
configure:6843: $? = 0
configure:6843: result: yes
configure:6843: checking for stdlib.h
configure:6843: gcc -c -g -O2  conftest.c >&5
configure:6843: $? = 0
configure:6843: result: yes
configure:6843: checking for string.h
configure:6843: gcc -c -g -O2  conftest.c >&5
configure:6843: $? = 0
configure:6843: result: yes
configure:6843: checking for memory.h
configure:6843: gcc -c -g -O2  conftest.c >&5
configure:6843: $? = 0
configure:6843: result: yes
configure:6843: checking for strings.h
configure:6843: gcc -c -g -O2  conftest.c >&5
configure:6843: $? = 0
configure:6843: result: yes
configure:6843: checking for inttypes.h
configure:6843: gcc -c -g -O2  conftest.c >&5
configure:6843: $? = 0
configure:6843: result: yes
configure:6843: checking for stdint.h
configure:6843: gcc -c -g -O2  conftest.c >&5
configure:6843: $? = 0
configure:6843: result: yes
configure:6843: checking for unistd.h
configure:6843: gcc -c -g -O2  conftest.c >&5
configure:6843: $? = 0
configure:6843: result: yes
configure:6857: checking for dlfcn.h
configure:6857: gcc -c -g -O2  conftest.c >&5
configure:6857: $? = 0
configure:6857: result: yes
configure:7044: checking for objdir
configure:7059: result: .libs
configure:7326: checking if gcc supports -fno-rtti -fno-exceptions
configure:7344: gcc -c -g -O2  -fno-rtti -fno-exceptions conftest.c >&5
cc1: warning: command line option '-fno-rtti' is valid for C++/D/ObjC++ but not for C
configure:7348: $? = 0
configure:7361: result: no
configure:7381: checking for gcc option to produce PIC
configure:7666: result: -fPIC -DPIC
configure:7678: checking if gcc PIC flag -fPIC -DPIC works
configure:7696: gcc -c -g -O2  -fPIC -DPIC -DPIC conftest.c >&5
configure:7700: $? = 0
configure:7713: result: yes
configure:7737: checking if gcc static flag -static works
configure:7765: result: yes
configure:7780: checking if gcc supports -c -o file.o
configure:7801: gcc -c -g -O2  -o out/conftest2.o conftest.c >&5
configure:7805: $? = 0
configure:7827: result: yes
configure:7835: checking if gcc supports -c -o file.o
configure:7882: result: yes
configure:7915: checking whether the gcc linker (/usr/bin/ld -m elf_x86_64) supports shared libraries
configure:8990: result: yes
configure:9027: checking whether -lc should be explicitly linked in
configure:9035: gcc -c -g -O2  conftest.c >&5
configure:9038: $? = 0
configure:9053: gcc -shared conftest.o  -v -Wl,-soname -Wl,conftest -o conftest 2\>\&1 \| /usr/bin/grep  -lc  \>/dev/null 2\>\&1
configure:9056: $? = 0
configure:9070: result: no
configure:9235: checking dynamic linker characteristics
configure:9703: gcc -o conftest -g -O2   -Wl,-rpath -Wl,/foo conftest.c  >&5
configure:9703: $? = 0
configure:9925: result: GNU/Linux ld.so
configure:10032: checking how to hardcode library paths into programs
configure:10057: result: immediate
configure:10597: checking whether stripping libraries is possible
configure:10602: result: yes
configure:10637: checking if libtool supports shared libraries
configure:10639: result: yes
configure:10642: checking whether to build shared libraries
configure:10663: result: yes
configure:10666: checking whether to build static libraries
configure:10670: result: yes
configure:7874: checking for windres
configure:7904: result: no
configure:8005: checking for inline
configure:8021: gcc -c -g -O2  conftest.c >&5
configure:8021: $? = 0
configure:8029: result: inline
configure:8048: checking whether gcc and cc understand -c and -o together
configure:8079: gcc -c conftest.c -o conftest2.o >&5
configure:8083: $? = 0
configure:8089: gcc -c conftest.c -o conftest2.o >&5
configure:8093: $? = 0
configure:8104: cc -c conftest.c >&5
configure:8108: $? = 0
configure:8116: cc -c conftest.c -o conftest2.o >&5
configure:8120: $? = 0
configure:8126: cc -c conftest.c -o conftest2.o >&5
configure:8130: $? = 0
configure:8148: result: yes
configure:8179: checking operating system
configure:8183: result: Linux
configure:8222: checking for clock_gettime in -lrt
configure:8247: gcc -o conftest -g -O2   conftest.c -lrt   >&5
configure:8247: $? = 0
configure:8256: result: yes
configure:8267: checking poll.h usability
configure:8267: gcc -c -g -O2  conftest.c >&5
configure:8267: $? = 0
configure:8267: result: yes
configure:8267: checking poll.h presence
configure:8267: gcc -E  conftest.c
configure:8267: $? = 0
configure:8267: result: yes
configure:8267: checking for poll.h
configure:8267: result: yes
configure:8401: checking sys/timerfd.h usability
configure:8401: gcc -c -g -O2  conftest.c >&5
configure:8401: $? = 0
configure:8401: result: yes
configure:8401: checking sys/timerfd.h presence
configure:8401: gcc -E  conftest.c
configure:8401: $? = 0
configure:8401: result: yes
configure:8401: checking for sys/timerfd.h
configure:8401: result: yes
configure:8421: checking whether TFD_NONBLOCK is declared
configure:8421: gcc -c -g -O2  conftest.c >&5
configure:8421: $? = 0
configure:8421: result: yes
configure:8433: checking whether to use timerfd for timing
configure:8440: result: yes
configure:8451: checking for struct timespec
configure:8451: gcc -c -g -O2  conftest.c >&5
configure:8451: $? = 0
configure:8451: gcc -c -g -O2  conftest.c >&5
conftest.c: In function 'main':
conftest.c:65:30: error: expected expression before ')' token
   65 | if (sizeof ((struct timespec)))
      |                              ^
configure:8451: $? = 1
configure: failed program was:
| /* confdefs.h */
| #define PACKAGE_NAME "libusb"
| #define PACKAGE_TARNAME "libusb"
| #define PACKAGE_VERSION "1.0.9"
| #define PACKAGE_STRING "libusb 1.0.9"
| #define PACKAGE_BUGREPORT "libusb-devel@lists.sourceforge.net"
| #define PACKAGE_URL "http://www.libusb.org/"
| #define PACKAGE "libusb"
| #define VERSION "1.0.9"
| #define STDC_HEADERS 1
| #define HAVE_SYS_TYPES_H 1
| #define HAVE_SYS_STAT_H 1
| #define HAVE_STDLIB_H 1
| #define HAVE_STRING_H 1
| #define HAVE_MEMORY_H 1
| #define HAVE_STRINGS_H 1
| #define HAVE_INTTYPES_H 1
| #define HAVE_STDINT_H 1
| #define HAVE_UNISTD_H 1
| #define HAVE_DLFCN_H 1
| #define LT_OBJDIR ".libs/"
| #define _GNU_SOURCE 1
| #define OS_LINUX 1
| #define HAVE_POLL_H 1
| #define POLL_NFDS_TYPE nfds_t
| #define THREADS_POSIX 1
| #define USBI_TIMERFD_AVAILABLE 1
| /* end confdefs.h.  */
| #include <stdio.h>
| #ifdef HAVE_SYS_TYPES_H
| # include <sys/types.h>
| #endif
| #ifdef HAVE_SYS_STAT_H
| # include <sys/stat.h>
| #endif
| #ifdef STDC_HEADERS
| # include <stdlib.h>
| # include <stddef.h>
| #else
| # ifdef HAVE_STDLIB_H
| #  include <stdlib.h>
| # endif
| #endif
| #ifdef HAVE_STRING_H
| # if !defined STDC_HEADERS && defined HAVE_MEMORY_H
| #  include <memory.h>
| # endif
| # include <string.h>
| #endif
| #ifdef HAVE_STRINGS_H
| # include <strings.h>
| #endif
| #ifdef HAVE_INTTYPES_H
| # include <inttypes.h>
| #endif
| #ifdef HAVE_STDINT_H
| # include <stdint.h>
| #endif
| #ifdef HAVE_UNISTD_H
| # include <unistd.h>
| #endif
| int
| main ()
| {
| if (sizeof ((struct timespec)))
| 	    return 0;
|   ;
|   return 0;
| }
configure:8451: result: yes
configure:8521: gcc -c -g -O2 -Werror -fvisibility=hidden  conftest.c >&5
configure:8521: $? = 0
configure:8549: gcc -c -g -O2 -Wno-pointer-sign  conftest.c >&5
configure:8549: $? = 0
configure:8558: checking for sigaction
configure:8558: gcc -o conftest -g -O2   conftest.c  -lrt -pthread >&5
configure:8558: $? = 0
configure:8558: result: yes
configure:8577: checking sys/time.h usability
configure:8577: gcc -c -g -O2  conftest.c >&5
configure:8577: $? = 0
configure:8577: result: yes
configure:8577: checking sys/time.h presence
configure:8577: gcc -E  conftest.c
configure:8577: $? = 0
configure:8577: result: yes
configure:8577: checking for sys/time.h
configure:8577: result: yes
configure:8589: checking for gettimeofday
configure:8589: gcc -o conftest -g -O2   conftest.c  -lrt -pthread >&5
configure:8589: $? = 0
configure:8589: result: yes
configure:8771: creating ./config.status

## ---------------------- ##
## Running config.status. ##
## ---------------------- ##

This file was extended by libusb config.status 1.0.9, which was
generated by GNU Autoconf 2.68.  Invocation command line was

  CONFIG_FILES    = 
  CONFIG_HEADERS  = 
  CONFIG_LINKS    = 
  CONFIG_COMMANDS = 
  $ ./config.status 

on chenwei-ascs

config.status:1161: creating libusb-1.0.pc
config.status:1161: creating Makefile
config.status:1161: creating libusb/Makefile
config.status:1161: creating examples/Makefile
config.status:1161: creating doc/Makefile
config.status:1161: creating doc/doxygen.cfg
config.status:1161: creating config.h
config.status:1390: executing depfiles commands
config.status:1390: executing libtool commands

## ---------------- ##
## Cache variables. ##
## ---------------- ##

ac_cv_build=x86_64-unknown-linux-gnu
ac_cv_c_compiler_gnu=yes
ac_cv_c_inline=inline
ac_cv_env_CC_set=
ac_cv_env_CC_value=
ac_cv_env_CFLAGS_set=
ac_cv_env_CFLAGS_value=
ac_cv_env_CPPFLAGS_set=
ac_cv_env_CPPFLAGS_value=
ac_cv_env_CPP_set=
ac_cv_env_CPP_value=
ac_cv_env_LDFLAGS_set=
ac_cv_env_LDFLAGS_value=
ac_cv_env_LIBS_set=
ac_cv_env_LIBS_value=
ac_cv_env_build_alias_set=
ac_cv_env_build_alias_value=
ac_cv_env_host_alias_set=
ac_cv_env_host_alias_value=
ac_cv_env_target_alias_set=
ac_cv_env_target_alias_value=
ac_cv_func_gettimeofday=yes
ac_cv_func_sigaction=yes
ac_cv_have_decl_TFD_NONBLOCK=yes
ac_cv_header_dlfcn_h=yes
ac_cv_header_inttypes_h=yes
ac_cv_header_memory_h=yes
ac_cv_header_poll_h=yes
ac_cv_header_stdc=yes
ac_cv_header_stdint_h=yes
ac_cv_header_stdlib_h=yes
ac_cv_header_string_h=yes
ac_cv_header_strings_h=yes
ac_cv_header_sys_stat_h=yes
ac_cv_header_sys_time_h=yes
ac_cv_header_sys_timerfd_h=yes
ac_cv_header_sys_types_h=yes
ac_cv_header_unistd_h=yes
ac_cv_host=x86_64-unknown-linux-gnu
ac_cv_lib_rt_clock_gettime=yes
ac_cv_objext=o
ac_cv_path_EGREP='/usr/bin/grep -E'
ac_cv_path_FGREP='/usr/bin/grep -F'
ac_cv_path_GREP=/usr/bin/grep
ac_cv_path_SED=/usr/bin/sed
ac_cv_path_install='/usr/bin/install -c'
ac_cv_path_mkdir=/usr/bin/mkdir
ac_cv_prog_AWK=mawk
ac_cv_prog_CPP='gcc -E'
ac_cv_prog_ac_ct_AR=ar
ac_cv_prog_ac_ct_CC=gcc
ac_cv_prog_ac_ct_OBJDUMP=objdump
ac_cv_prog_ac_ct_RANLIB=ranlib
ac_cv_prog_ac_ct_STRIP=strip
ac_cv_prog_cc_c89=
ac_cv_prog_cc_g=yes
ac_cv_prog_cc_gcc_c_o=yes
ac_cv_prog_make_make_set=yes
ac_cv_type_struct_timespec=yes
am_cv_CC_dependencies_compiler_type=gcc3
lt_cv_archive_cmds_need_lc=no
lt_cv_deplibs_check_method=pass_all
lt_cv_file_magic_cmd='$MAGIC_CMD'
lt_cv_file_magic_test_file=
lt_cv_ld_reload_flag=-r
lt_cv_nm_interface='BSD nm'
lt_cv_objdir=.libs
lt_cv_path_LD=/usr/bin/ld
lt_cv_path_NM='/usr/bin/nm -B'
lt_cv_prog_compiler_c_o=yes
lt_cv_prog_compiler_c_o_RC=yes
lt_cv_prog_compiler_pic_works=yes
lt_cv_prog_compiler_rtti_exceptions=no
lt_cv_prog_compiler_static_works=yes
lt_cv_prog_gnu_ld=yes
lt_cv_shlibpath_overrides_runpath=yes
lt_cv_sys_global_symbol_pipe='sed -n -e '\''s/^.*[	 ]\([ABCDGIRSTW][ABCDGIRSTW]*\)[	 ][	 ]*\([_A-Za-z][_A-Za-z0-9]*\)$/\1 \2 \2/p'\'''
lt_cv_sys_global_symbol_to_c_name_address='sed -n -e '\''s/^: \([^ ]*\) $/  {\"\1\", (void *) 0},/p'\'' -e '\''s/^[ABCDGIRSTW]* \([^ ]*\) \([^ ]*\)$/  {"\2", (void *) \&\2},/p'\'''
lt_cv_sys_global_symbol_to_c_name_address_lib_prefix='sed -n -e '\''s/^: \([^ ]*\) $/  {\"\1\", (void *) 0},/p'\'' -e '\''s/^[ABCDGIRSTW]* \([^ ]*\) \(lib[^ ]*\)$/  {"\2", (void *) \&\2},/p'\'' -e '\''s/^[ABCDGIRSTW]* \([^ ]*\) \([^ ]*\)$/  {"lib\2", (void *) \&\2},/p'\'''
lt_cv_sys_global_symbol_to_cdecl='sed -n -e '\''s/^T .* \(.*\)$/extern int \1();/p'\'' -e '\''s/^[ABCDGIRSTW]* .* \(.*\)$/extern char \1;/p'\'''
lt_cv_sys_max_cmd_len=1572864

## ----------------- ##
## Output variables. ##
## ----------------- ##

ACLOCAL='${SHELL} /home/chenwei/Documents/CppWorkspace/msdk-linux/missing --run aclocal-1.11'
AMDEPBACKSLASH='\'
AMDEP_FALSE='#'
AMDEP_TRUE=''
AMTAR='${SHELL} /home/chenwei/Documents/CppWorkspace/msdk-linux/missing --run tar'
AM_BACKSLASH='\'
AM_CFLAGS='-std=gnu99 -Wall -Wundef -Wunused -Wstrict-prototypes -Werror-implicit-function-declaration -Wno-pointer-sign -Wshadow'
AM_DEFAULT_VERBOSITY='0'
AR='ar'
AUTOCONF='${SHELL} /home/chenwei/Documents/CppWorkspace/msdk-linux/missing --run autoconf'
AUTOHEADER='${SHELL} /home/chenwei/Documents/CppWorkspace/msdk-linux/missing --run autoheader'
AUTOMAKE='${SHELL} /home/chenwei/Documents/CppWorkspace/msdk-linux/missing --run automake-1.11'
AWK='mawk'
BUILD_EXAMPLES_FALSE=''
BUILD_EXAMPLES_TRUE='#'
CC='gcc'
CCDEPMODE='depmode=gcc3'
CFLAGS='-g -O2'
CPP='gcc -E'
CPPFLAGS=''
CYGPATH_W='echo'
DEFS='-DHAVE_CONFIG_H'
DEPDIR='.deps'
DSYMUTIL=''
DUMPBIN=''
ECHO_C=''
ECHO_N='-n'
ECHO_T=''
EGREP='/usr/bin/grep -E'
EXEEXT=''
FGREP='/usr/bin/grep -F'
GREP='/usr/bin/grep'
HAVE_SIGACTION_FALSE='#'
HAVE_SIGACTION_TRUE=''
INSTALL_DATA='${INSTALL} -m 644'
INSTALL_PROGRAM='${INSTALL}'
INSTALL_SCRIPT='${INSTALL}'
INSTALL_STRIP_PROGRAM='$(install_sh) -c -s'
LD='/usr/bin/ld -m elf_x86_64'
LDFLAGS=''
LIBOBJS=''
LIBS=' -lrt -pthread'
LIBTOOL='$(SHELL) $(top_builddir)/libtool'
LIPO=''
LN_S='ln -s'
LTLDFLAGS='-version-info 1:0:1 -no-undefined'
LTLIBOBJS=''
MAINT='#'
MAINTAINER_MODE_FALSE=''
MAINTAINER_MODE_TRUE='#'
MAKEINFO='${SHELL} /home/chenwei/Documents/CppWorkspace/msdk-linux/missing --run makeinfo'
MKDIR_P='/usr/bin/mkdir -p'
NM='/usr/bin/nm -B'
NMEDIT=''
OBJDUMP='objdump'
OBJEXT='o'
OS_DARWIN=''
OS_DARWIN_FALSE=''
OS_DARWIN_TRUE='#'
OS_LINUX=''
OS_LINUX_FALSE='#'
OS_LINUX_TRUE=''
OS_OPENBSD=''
OS_OPENBSD_FALSE=''
OS_OPENBSD_TRUE='#'
OS_WINDOWS=''
OS_WINDOWS_FALSE=''
OS_WINDOWS_TRUE='#'
OTOOL64=''
OTOOL=''
PACKAGE='libusb'
PACKAGE_BUGREPORT='libusb-devel@lists.sourceforge.net'
PACKAGE_NAME='libusb'
PACKAGE_STRING='libusb 1.0.9'
PACKAGE_TARNAME='libusb'
PACKAGE_URL='http://www.libusb.org/'
PACKAGE_VERSION='1.0.9'
PATH_SEPARATOR=':'
PC_LIBS_PRIVATE='-lrt -pthread'
RANLIB='ranlib'
RC=''
SED='/usr/bin/sed'
SET_MAKE=''
SHELL='/bin/bash'
STRIP='strip'
THREADS_POSIX_FALSE='#'
THREADS_POSIX_TRUE=''
THREAD_CFLAGS='-pthread'
VERSION='1.0.9'
VISIBILITY_CFLAGS='-fvisibility=hidden'
ac_ct_CC='gcc'
ac_ct_DUMPBIN=''
am__EXEEXT_FALSE=''
am__EXEEXT_TRUE='#'
am__fastdepCC_FALSE='#'
am__fastdepCC_TRUE=''
am__include='include'
am__isrc=''
am__leading_dot='.'
am__quote=''
am__tar='${AMTAR} chof - "$$tardir"'
am__untar='${AMTAR} xf -'
bindir='${exec_prefix}/bin'
build='x86_64-unknown-linux-gnu'
build_alias=''
build_cpu='x86_64'
build_os='linux-gnu'
build_vendor='unknown'
datadir='${datarootdir}'
datarootdir='${prefix}/share'
docdir='${datarootdir}/doc/${PACKAGE_TARNAME}'
dvidir='${docdir}'
exec_prefix='${prefix}'
host='x86_64-unknown-linux-gnu'
host_alias=''
host_cpu='x86_64'
host_os='linux-gnu'
host_vendor='unknown'
htmldir='${docdir}'
includedir='${prefix}/include'
infodir='${datarootdir}/info'
install_sh='${SHELL} /home/chenwei/Documents/CppWorkspace/msdk-linux/install-sh'
libdir='${exec_prefix}/lib'
libexecdir='${exec_prefix}/libexec'
localedir='${datarootdir}/locale'
localstatedir='${prefix}/var'
mandir='${datarootdir}/man'
mkdir_p='/usr/bin/mkdir -p'
oldincludedir='/usr/include'
pdfdir='${docdir}'
prefix='/usr/local'
program_transform_name='s,x,x,'
psdir='${docdir}'
sbindir='${exec_prefix}/sbin'
sharedstatedir='${prefix}/com'
sysconfdir='${prefix}/etc'
target_alias=''

## ----------- ##
## confdefs.h. ##
## ----------- ##

/* confdefs.h */
#define PACKAGE_NAME "libusb"
#define PACKAGE_TARNAME "libusb"
#define PACKAGE_VERSION "1.0.9"
#define PACKAGE_STRING "libusb 1.0.9"
#define PACKAGE_BUGREPORT "libusb-devel@lists.sourceforge.net"
#define PACKAGE_URL "http://www.libusb.org/"
#define PACKAGE "libusb"
#define VERSION "1.0.9"
#define STDC_HEADERS 1
#define HAVE_SYS_TYPES_H 1
#define HAVE_SYS_STAT_H 1
#define HAVE_STDLIB_H 1
#define HAVE_STRING_H 1
#define HAVE_MEMORY_H 1
#define HAVE_STRINGS_H 1
#define HAVE_INTTYPES_H 1
#define HAVE_STDINT_H 1
#define HAVE_UNISTD_H 1
#define HAVE_DLFCN_H 1
#define LT_OBJDIR ".libs/"
#define _GNU_SOURCE 1
#define OS_LINUX 1
#define HAVE_POLL_H 1
#define POLL_NFDS_TYPE nfds_t
#define THREADS_POSIX 1
#define USBI_TIMERFD_AVAILABLE 1
#define HAVE_STRUCT_TIMESPEC 1
#define ENABLE_LOGGING 1
#define DEFAULT_VISIBILITY __attribute__((visibility("default")))
#define HAVE_SYS_TIME_H 1
#define HAVE_GETTIMEOFDAY 1

configure: exit 0
